{"name": "test_navigate_to_new_car[chrome-brand0]", "status": "broken", "statusDetails": {"message": "selenium.common.exceptions.NoSuchElementException: Message: no such element: Unable to locate element: {\"method\":\"xpath\",\"selector\":\"//div[@class='o-frwuxB o-eqqVmt o-BEqzB o-eMOUEg o-OAYdd o-bdcqQE o-fznJzu o-fznJPk o-rYTQq dvEJRN']\"}\n  (Session info: chrome=104.0.5112.81)\nStacktrace:\nBacktrace:\n\tOrdinal0 [0x00B578B3+2193587]\n\tOrdinal0 [0x00AF0681+1771137]\n\tOrdinal0 [0x00A041A8+803240]\n\tOrdinal0 [0x00A324A0+992416]\n\tOrdinal0 [0x00A3273B+993083]\n\tOrdinal0 [0x00A5F7C2+1177538]\n\tOrdinal0 [0x00A4D7F4+1103860]\n\tOrdinal0 [0x00A5DAE2+1170146]\n\tOrdinal0 [0x00A4D5C6+1103302]\n\tOrdinal0 [0x00A277E0+948192]\n\tOrdinal0 [0x00A286E6+952038]\n\tGetHandleVerifier [0x00E00CB2+2738370]\n\tGetHandleVerifier [0x00DF21B8+2678216]\n\tGetHandleVerifier [0x00BE17AA+512954]\n\tGetHandleVerifier [0x00BE0856+509030]\n\tOrdinal0 [0x00AF743B+1799227]\n\tOrdinal0 [0x00AFBB68+1817448]\n\tOrdinal0 [0x00AFBC55+1817685]\n\tOrdinal0 [0x00B05230+1856048]\n\tBaseThreadInitThunk [0x76EFFA29+25]\n\tRtlGetAppContainerNamedObjectPath [0x77837A9E+286]\n\tRtlGetAppContainerNamedObjectPath [0x77837A6E+238]", "trace": "self = <TestCases.test_CarHomePage.Test_CarHomePage object at 0x000001FC799D8790>, brand = ['toyota']\n\n    @pytest.mark.parametrize(\"brand\", dataProvider.data_provider(\"NewCars\"))\n    def test_navigate_to_new_car(self, brand):\n        car_home_page = CarHomePage(self.driver)\n>       car_home_page.go_to_car()\n\ntest_CarHomePage.py:18: \n_ _ _ _ _ _ _ _ _ _ _ _ _ _ _ _ _ _ _ _ _ _ _ _ _ _ _ _ _ _ _ _ _ _ _ _ _ _ _ _ _ _ _ _ _ _ _ _ _ _ _ _ _ _ _ _ _ _ _ _ _ _ _ _ _ _ _ _ _ _ _ _ _ _ _ _ _ _ _ _ _ _ _ _ _ _ _ _ _ _ _ _ _ _ _ _ _ _ _ _ _ _ _ _ _ _ _ _ _ _ _ _ _ _ _ _\n..\\Pages\\carHomePage.py:16: in go_to_car\n    self.move(\"carsales locator\",\"new_cars_XPATH\")\n..\\Pages\\basePage.py:53: in move\n    item = self.driver.find_element(By.XPATH, configreader.read_config(section,locator))\n..\\..\\..\\AppData\\Local\\Programs\\Python\\Python310\\lib\\site-packages\\selenium\\webdriver\\remote\\webdriver.py:857: in find_element\n    return self.execute(Command.FIND_ELEMENT, {\n..\\..\\..\\AppData\\Local\\Programs\\Python\\Python310\\lib\\site-packages\\selenium\\webdriver\\remote\\webdriver.py:435: in execute\n    self.error_handler.check_response(response)\n_ _ _ _ _ _ _ _ _ _ _ _ _ _ _ _ _ _ _ _ _ _ _ _ _ _ _ _ _ _ _ _ _ _ _ _ _ _ _ _ _ _ _ _ _ _ _ _ _ _ _ _ _ _ _ _ _ _ _ _ _ _ _ _ _ _ _ _ _ _ _ _ _ _ _ _ _ _ _ _ _ _ _ _ _ _ _ _ _ _ _ _ _ _ _ _ _ _ _ _ _ _ _ _ _ _ _ _ _ _ _ _ _ _ _ _\n\nself = <selenium.webdriver.remote.errorhandler.ErrorHandler object at 0x000001FC799F9540>\nresponse = {'status': 404, 'value': '{\"value\":{\"error\":\"no such element\",\"message\":\"no such element: Unable to locate element: {\\...\\n\\\\tRtlGetAppContainerNamedObjectPath [0x77837A9E+286]\\\\n\\\\tRtlGetAppContainerNamedObjectPath [0x77837A6E+238]\\\\n\"}}'}\n\n    def check_response(self, response: Dict[str, Any]) -> None:\n        \"\"\"\n        Checks that a JSON response from the WebDriver does not have an error.\n    \n        :Args:\n         - response - The JSON response from the WebDriver server as a dictionary\n           object.\n    \n        :Raises: If the response contains an error message.\n        \"\"\"\n        status = response.get('status', None)\n        if not status or status == ErrorCode.SUCCESS:\n            return\n        value = None\n        message = response.get(\"message\", \"\")\n        screen: str = response.get(\"screen\", \"\")\n        stacktrace = None\n        if isinstance(status, int):\n            value_json = response.get('value', None)\n            if value_json and isinstance(value_json, str):\n                import json\n                try:\n                    value = json.loads(value_json)\n                    if len(value.keys()) == 1:\n                        value = value['value']\n                    status = value.get('error', None)\n                    if not status:\n                        status = value.get(\"status\", ErrorCode.UNKNOWN_ERROR)\n                        message = value.get(\"value\") or value.get(\"message\")\n                        if not isinstance(message, str):\n                            value = message\n                            message = message.get('message')\n                    else:\n                        message = value.get('message', None)\n                except ValueError:\n                    pass\n    \n        exception_class: Type[WebDriverException]\n        if status in ErrorCode.NO_SUCH_ELEMENT:\n            exception_class = NoSuchElementException\n        elif status in ErrorCode.NO_SUCH_FRAME:\n            exception_class = NoSuchFrameException\n        elif status in ErrorCode.NO_SUCH_SHADOW_ROOT:\n            exception_class = NoSuchShadowRootException\n        elif status in ErrorCode.NO_SUCH_WINDOW:\n            exception_class = NoSuchWindowException\n        elif status in ErrorCode.STALE_ELEMENT_REFERENCE:\n            exception_class = StaleElementReferenceException\n        elif status in ErrorCode.ELEMENT_NOT_VISIBLE:\n            exception_class = ElementNotVisibleException\n        elif status in ErrorCode.INVALID_ELEMENT_STATE:\n            exception_class = InvalidElementStateException\n        elif status in ErrorCode.INVALID_SELECTOR \\\n                or status in ErrorCode.INVALID_XPATH_SELECTOR \\\n                or status in ErrorCode.INVALID_XPATH_SELECTOR_RETURN_TYPER:\n            exception_class = InvalidSelectorException\n        elif status in ErrorCode.ELEMENT_IS_NOT_SELECTABLE:\n            exception_class = ElementNotSelectableException\n        elif status in ErrorCode.ELEMENT_NOT_INTERACTABLE:\n            exception_class = ElementNotInteractableException\n        elif status in ErrorCode.INVALID_COOKIE_DOMAIN:\n            exception_class = InvalidCookieDomainException\n        elif status in ErrorCode.UNABLE_TO_SET_COOKIE:\n            exception_class = UnableToSetCookieException\n        elif status in ErrorCode.TIMEOUT:\n            exception_class = TimeoutException\n        elif status in ErrorCode.SCRIPT_TIMEOUT:\n            exception_class = TimeoutException\n        elif status in ErrorCode.UNKNOWN_ERROR:\n            exception_class = WebDriverException\n        elif status in ErrorCode.UNEXPECTED_ALERT_OPEN:\n            exception_class = UnexpectedAlertPresentException\n        elif status in ErrorCode.NO_ALERT_OPEN:\n            exception_class = NoAlertPresentException\n        elif status in ErrorCode.IME_NOT_AVAILABLE:\n            exception_class = ImeNotAvailableException\n        elif status in ErrorCode.IME_ENGINE_ACTIVATION_FAILED:\n            exception_class = ImeActivationFailedException\n        elif status in ErrorCode.MOVE_TARGET_OUT_OF_BOUNDS:\n            exception_class = MoveTargetOutOfBoundsException\n        elif status in ErrorCode.JAVASCRIPT_ERROR:\n            exception_class = JavascriptException\n        elif status in ErrorCode.SESSION_NOT_CREATED:\n            exception_class = SessionNotCreatedException\n        elif status in ErrorCode.INVALID_ARGUMENT:\n            exception_class = InvalidArgumentException\n        elif status in ErrorCode.NO_SUCH_COOKIE:\n            exception_class = NoSuchCookieException\n        elif status in ErrorCode.UNABLE_TO_CAPTURE_SCREEN:\n            exception_class = ScreenshotException\n        elif status in ErrorCode.ELEMENT_CLICK_INTERCEPTED:\n            exception_class = ElementClickInterceptedException\n        elif status in ErrorCode.INSECURE_CERTIFICATE:\n            exception_class = InsecureCertificateException\n        elif status in ErrorCode.INVALID_COORDINATES:\n            exception_class = InvalidCoordinatesException\n        elif status in ErrorCode.INVALID_SESSION_ID:\n            exception_class = InvalidSessionIdException\n        elif status in ErrorCode.UNKNOWN_METHOD:\n            exception_class = UnknownMethodException\n        else:\n            exception_class = WebDriverException\n        if not value:\n            value = response['value']\n        if isinstance(value, str):\n            raise exception_class(value)\n        if message == \"\" and 'message' in value:\n            message = value['message']\n    \n        screen = None  # type: ignore[assignment]\n        if 'screen' in value:\n            screen = value['screen']\n    \n        stacktrace = None\n        st_value = value.get('stackTrace') or value.get('stacktrace')\n        if st_value:\n            if isinstance(st_value, str):\n                stacktrace = st_value.split('\\n')\n            else:\n                stacktrace = []\n                try:\n                    for frame in st_value:\n                        line = self._value_or_default(frame, 'lineNumber', '')\n                        file = self._value_or_default(frame, 'fileName', '<anonymous>')\n                        if line:\n                            file = f\"{file}:{line}\"\n                        meth = self._value_or_default(frame, 'methodName', '<anonymous>')\n                        if 'className' in frame:\n                            meth = \"{}.{}\".format(frame['className'], meth)\n                        msg = \"    at %s (%s)\"\n                        msg = msg % (meth, file)\n                        stacktrace.append(msg)\n                except TypeError:\n                    pass\n        if exception_class == UnexpectedAlertPresentException:\n            alert_text = None\n            if 'data' in value:\n                alert_text = value['data'].get('text')\n            elif 'alert' in value:\n                alert_text = value['alert'].get('text')\n            raise exception_class(message, screen, stacktrace, alert_text)  # type: ignore[call-arg]  # mypy is not smart enough here\n>       raise exception_class(message, screen, stacktrace)\nE       selenium.common.exceptions.NoSuchElementException: Message: no such element: Unable to locate element: {\"method\":\"xpath\",\"selector\":\"//div[@class='o-frwuxB o-eqqVmt o-BEqzB o-eMOUEg o-OAYdd o-bdcqQE o-fznJzu o-fznJPk o-rYTQq dvEJRN']\"}\nE         (Session info: chrome=104.0.5112.81)\nE       Stacktrace:\nE       Backtrace:\nE       \tOrdinal0 [0x00B578B3+2193587]\nE       \tOrdinal0 [0x00AF0681+1771137]\nE       \tOrdinal0 [0x00A041A8+803240]\nE       \tOrdinal0 [0x00A324A0+992416]\nE       \tOrdinal0 [0x00A3273B+993083]\nE       \tOrdinal0 [0x00A5F7C2+1177538]\nE       \tOrdinal0 [0x00A4D7F4+1103860]\nE       \tOrdinal0 [0x00A5DAE2+1170146]\nE       \tOrdinal0 [0x00A4D5C6+1103302]\nE       \tOrdinal0 [0x00A277E0+948192]\nE       \tOrdinal0 [0x00A286E6+952038]\nE       \tGetHandleVerifier [0x00E00CB2+2738370]\nE       \tGetHandleVerifier [0x00DF21B8+2678216]\nE       \tGetHandleVerifier [0x00BE17AA+512954]\nE       \tGetHandleVerifier [0x00BE0856+509030]\nE       \tOrdinal0 [0x00AF743B+1799227]\nE       \tOrdinal0 [0x00AFBB68+1817448]\nE       \tOrdinal0 [0x00AFBC55+1817685]\nE       \tOrdinal0 [0x00B05230+1856048]\nE       \tBaseThreadInitThunk [0x76EFFA29+25]\nE       \tRtlGetAppContainerNamedObjectPath [0x77837A9E+286]\nE       \tRtlGetAppContainerNamedObjectPath [0x77837A6E+238]\n\n..\\..\\..\\AppData\\Local\\Programs\\Python\\Python310\\lib\\site-packages\\selenium\\webdriver\\remote\\errorhandler.py:247: NoSuchElementException"}, "attachments": [{"name": "stdout", "source": "6837cb15-3ef7-4bfa-9fb0-e6cf8fe94fd4-attachment.txt", "type": "text/plain"}], "parameters": [{"name": "driver_setup", "value": "'chrome'"}, {"name": "brand", "value": "['toyota']"}], "start": 1660375673367, "stop": 1660375676391, "uuid": "22035cc6-8451-4243-b862-8360560a9798", "historyId": "c9b0f3a95b0de1c27407972af8336503", "testCaseId": "912172391faf536a07f0ae805418d770", "fullName": "test_CarHomePage.Test_CarHomePage#test_navigate_to_new_car", "labels": [{"name": "tag", "value": "@pytest.mark.usefixtures('driver_setup')"}, {"name": "suite", "value": "test_CarHomePage"}, {"name": "subSuite", "value": "Test_CarHomePage"}, {"name": "host", "value": "Marcus"}, {"name": "thread", "value": "4820-MainThread"}, {"name": "framework", "value": "pytest"}, {"name": "language", "value": "cpython3"}, {"name": "package", "value": "test_CarHomePage"}]}