{"uid":"3a253d078a01d747","name":"test_navigate_to_new_car[chrome-brand0]","fullName":"test_CarHomePage.Test_CarHomePage#test_navigate_to_new_car","historyId":"c9b0f3a95b0de1c27407972af8336503","time":{"start":1660169712889,"stop":1660169715904,"duration":3015},"status":"broken","statusMessage":"selenium.common.exceptions.NoSuchElementException: Message: no such element: Unable to locate element: {\"method\":\"xpath\",\"selector\":\"//*[@id=\"root\"]/div[2]/header/div/nav/ul/li[1]/div\"}\n  (Session info: chrome=104.0.5112.81)\nStacktrace:\nBacktrace:\n\tOrdinal0 [0x009878B3+2193587]\n\tOrdinal0 [0x00920681+1771137]\n\tOrdinal0 [0x008341A8+803240]\n\tOrdinal0 [0x008624A0+992416]\n\tOrdinal0 [0x0086273B+993083]\n\tOrdinal0 [0x0088F7C2+1177538]\n\tOrdinal0 [0x0087D7F4+1103860]\n\tOrdinal0 [0x0088DAE2+1170146]\n\tOrdinal0 [0x0087D5C6+1103302]\n\tOrdinal0 [0x008577E0+948192]\n\tOrdinal0 [0x008586E6+952038]\n\tGetHandleVerifier [0x00C30CB2+2738370]\n\tGetHandleVerifier [0x00C221B8+2678216]\n\tGetHandleVerifier [0x00A117AA+512954]\n\tGetHandleVerifier [0x00A10856+509030]\n\tOrdinal0 [0x0092743B+1799227]\n\tOrdinal0 [0x0092BB68+1817448]\n\tOrdinal0 [0x0092BC55+1817685]\n\tOrdinal0 [0x00935230+1856048]\n\tBaseThreadInitThunk [0x75D7FA29+25]\n\tRtlGetAppContainerNamedObjectPath [0x77DD7A9E+286]\n\tRtlGetAppContainerNamedObjectPath [0x77DD7A6E+238]","statusTrace":"self = <TestCases.test_CarHomePage.Test_CarHomePage object at 0x00000172ADA5A170>, brand = ['toyota']\n\n    @pytest.mark.parametrize(\"brand\", dataProvider.data_provider(\"NewCars\"))\n    def test_navigate_to_new_car(self, brand):\n        car_home_page = CarHomePage(self.driver)\n>       car_home_page.go_to_car()\n\ntest_CarHomePage.py:18: \n_ _ _ _ _ _ _ _ _ _ _ _ _ _ _ _ _ _ _ _ _ _ _ _ _ _ _ _ _ _ _ _ _ _ _ _ _ _ _ _ _ _ _ _ _ _ _ _ _ _ _ _ _ _ _ _ _ _ _ _ _ _ _ _ _ _ _ _ _ _ _ _ _ _ _ _ _ _ _ _ _ _ _ _ _ _ _ _ _ _ _ _ _ _ _ _ _ _ _ _ _ _ _ _ _ _ _ _ _ _ _ _ _ _ _ _\n..\\Pages\\carHomePage.py:16: in go_to_car\n    self.move(\"carsales locator\",\"new_cars_XPATH\")\n..\\Pages\\basePage.py:53: in move\n    item = self.driver.find_element(By.XPATH, configreader.read_config(section,locator))\n..\\..\\..\\AppData\\Local\\Programs\\Python\\Python310\\lib\\site-packages\\selenium\\webdriver\\remote\\webdriver.py:857: in find_element\n    return self.execute(Command.FIND_ELEMENT, {\n..\\..\\..\\AppData\\Local\\Programs\\Python\\Python310\\lib\\site-packages\\selenium\\webdriver\\remote\\webdriver.py:435: in execute\n    self.error_handler.check_response(response)\n_ _ _ _ _ _ _ _ _ _ _ _ _ _ _ _ _ _ _ _ _ _ _ _ _ _ _ _ _ _ _ _ _ _ _ _ _ _ _ _ _ _ _ _ _ _ _ _ _ _ _ _ _ _ _ _ _ _ _ _ _ _ _ _ _ _ _ _ _ _ _ _ _ _ _ _ _ _ _ _ _ _ _ _ _ _ _ _ _ _ _ _ _ _ _ _ _ _ _ _ _ _ _ _ _ _ _ _ _ _ _ _ _ _ _ _\n\nself = <selenium.webdriver.remote.errorhandler.ErrorHandler object at 0x00000172ADA7FBB0>\nresponse = {'status': 404, 'value': '{\"value\":{\"error\":\"no such element\",\"message\":\"no such element: Unable to locate element: {\\...\\n\\\\tRtlGetAppContainerNamedObjectPath [0x77DD7A9E+286]\\\\n\\\\tRtlGetAppContainerNamedObjectPath [0x77DD7A6E+238]\\\\n\"}}'}\n\n    def check_response(self, response: Dict[str, Any]) -> None:\n        \"\"\"\n        Checks that a JSON response from the WebDriver does not have an error.\n    \n        :Args:\n         - response - The JSON response from the WebDriver server as a dictionary\n           object.\n    \n        :Raises: If the response contains an error message.\n        \"\"\"\n        status = response.get('status', None)\n        if not status or status == ErrorCode.SUCCESS:\n            return\n        value = None\n        message = response.get(\"message\", \"\")\n        screen: str = response.get(\"screen\", \"\")\n        stacktrace = None\n        if isinstance(status, int):\n            value_json = response.get('value', None)\n            if value_json and isinstance(value_json, str):\n                import json\n                try:\n                    value = json.loads(value_json)\n                    if len(value.keys()) == 1:\n                        value = value['value']\n                    status = value.get('error', None)\n                    if not status:\n                        status = value.get(\"status\", ErrorCode.UNKNOWN_ERROR)\n                        message = value.get(\"value\") or value.get(\"message\")\n                        if not isinstance(message, str):\n                            value = message\n                            message = message.get('message')\n                    else:\n                        message = value.get('message', None)\n                except ValueError:\n                    pass\n    \n        exception_class: Type[WebDriverException]\n        if status in ErrorCode.NO_SUCH_ELEMENT:\n            exception_class = NoSuchElementException\n        elif status in ErrorCode.NO_SUCH_FRAME:\n            exception_class = NoSuchFrameException\n        elif status in ErrorCode.NO_SUCH_SHADOW_ROOT:\n            exception_class = NoSuchShadowRootException\n        elif status in ErrorCode.NO_SUCH_WINDOW:\n            exception_class = NoSuchWindowException\n        elif status in ErrorCode.STALE_ELEMENT_REFERENCE:\n            exception_class = StaleElementReferenceException\n        elif status in ErrorCode.ELEMENT_NOT_VISIBLE:\n            exception_class = ElementNotVisibleException\n        elif status in ErrorCode.INVALID_ELEMENT_STATE:\n            exception_class = InvalidElementStateException\n        elif status in ErrorCode.INVALID_SELECTOR \\\n                or status in ErrorCode.INVALID_XPATH_SELECTOR \\\n                or status in ErrorCode.INVALID_XPATH_SELECTOR_RETURN_TYPER:\n            exception_class = InvalidSelectorException\n        elif status in ErrorCode.ELEMENT_IS_NOT_SELECTABLE:\n            exception_class = ElementNotSelectableException\n        elif status in ErrorCode.ELEMENT_NOT_INTERACTABLE:\n            exception_class = ElementNotInteractableException\n        elif status in ErrorCode.INVALID_COOKIE_DOMAIN:\n            exception_class = InvalidCookieDomainException\n        elif status in ErrorCode.UNABLE_TO_SET_COOKIE:\n            exception_class = UnableToSetCookieException\n        elif status in ErrorCode.TIMEOUT:\n            exception_class = TimeoutException\n        elif status in ErrorCode.SCRIPT_TIMEOUT:\n            exception_class = TimeoutException\n        elif status in ErrorCode.UNKNOWN_ERROR:\n            exception_class = WebDriverException\n        elif status in ErrorCode.UNEXPECTED_ALERT_OPEN:\n            exception_class = UnexpectedAlertPresentException\n        elif status in ErrorCode.NO_ALERT_OPEN:\n            exception_class = NoAlertPresentException\n        elif status in ErrorCode.IME_NOT_AVAILABLE:\n            exception_class = ImeNotAvailableException\n        elif status in ErrorCode.IME_ENGINE_ACTIVATION_FAILED:\n            exception_class = ImeActivationFailedException\n        elif status in ErrorCode.MOVE_TARGET_OUT_OF_BOUNDS:\n            exception_class = MoveTargetOutOfBoundsException\n        elif status in ErrorCode.JAVASCRIPT_ERROR:\n            exception_class = JavascriptException\n        elif status in ErrorCode.SESSION_NOT_CREATED:\n            exception_class = SessionNotCreatedException\n        elif status in ErrorCode.INVALID_ARGUMENT:\n            exception_class = InvalidArgumentException\n        elif status in ErrorCode.NO_SUCH_COOKIE:\n            exception_class = NoSuchCookieException\n        elif status in ErrorCode.UNABLE_TO_CAPTURE_SCREEN:\n            exception_class = ScreenshotException\n        elif status in ErrorCode.ELEMENT_CLICK_INTERCEPTED:\n            exception_class = ElementClickInterceptedException\n        elif status in ErrorCode.INSECURE_CERTIFICATE:\n            exception_class = InsecureCertificateException\n        elif status in ErrorCode.INVALID_COORDINATES:\n            exception_class = InvalidCoordinatesException\n        elif status in ErrorCode.INVALID_SESSION_ID:\n            exception_class = InvalidSessionIdException\n        elif status in ErrorCode.UNKNOWN_METHOD:\n            exception_class = UnknownMethodException\n        else:\n            exception_class = WebDriverException\n        if not value:\n            value = response['value']\n        if isinstance(value, str):\n            raise exception_class(value)\n        if message == \"\" and 'message' in value:\n            message = value['message']\n    \n        screen = None  # type: ignore[assignment]\n        if 'screen' in value:\n            screen = value['screen']\n    \n        stacktrace = None\n        st_value = value.get('stackTrace') or value.get('stacktrace')\n        if st_value:\n            if isinstance(st_value, str):\n                stacktrace = st_value.split('\\n')\n            else:\n                stacktrace = []\n                try:\n                    for frame in st_value:\n                        line = self._value_or_default(frame, 'lineNumber', '')\n                        file = self._value_or_default(frame, 'fileName', '<anonymous>')\n                        if line:\n                            file = f\"{file}:{line}\"\n                        meth = self._value_or_default(frame, 'methodName', '<anonymous>')\n                        if 'className' in frame:\n                            meth = \"{}.{}\".format(frame['className'], meth)\n                        msg = \"    at %s (%s)\"\n                        msg = msg % (meth, file)\n                        stacktrace.append(msg)\n                except TypeError:\n                    pass\n        if exception_class == UnexpectedAlertPresentException:\n            alert_text = None\n            if 'data' in value:\n                alert_text = value['data'].get('text')\n            elif 'alert' in value:\n                alert_text = value['alert'].get('text')\n            raise exception_class(message, screen, stacktrace, alert_text)  # type: ignore[call-arg]  # mypy is not smart enough here\n>       raise exception_class(message, screen, stacktrace)\nE       selenium.common.exceptions.NoSuchElementException: Message: no such element: Unable to locate element: {\"method\":\"xpath\",\"selector\":\"//*[@id=\"root\"]/div[2]/header/div/nav/ul/li[1]/div\"}\nE         (Session info: chrome=104.0.5112.81)\nE       Stacktrace:\nE       Backtrace:\nE       \tOrdinal0 [0x009878B3+2193587]\nE       \tOrdinal0 [0x00920681+1771137]\nE       \tOrdinal0 [0x008341A8+803240]\nE       \tOrdinal0 [0x008624A0+992416]\nE       \tOrdinal0 [0x0086273B+993083]\nE       \tOrdinal0 [0x0088F7C2+1177538]\nE       \tOrdinal0 [0x0087D7F4+1103860]\nE       \tOrdinal0 [0x0088DAE2+1170146]\nE       \tOrdinal0 [0x0087D5C6+1103302]\nE       \tOrdinal0 [0x008577E0+948192]\nE       \tOrdinal0 [0x008586E6+952038]\nE       \tGetHandleVerifier [0x00C30CB2+2738370]\nE       \tGetHandleVerifier [0x00C221B8+2678216]\nE       \tGetHandleVerifier [0x00A117AA+512954]\nE       \tGetHandleVerifier [0x00A10856+509030]\nE       \tOrdinal0 [0x0092743B+1799227]\nE       \tOrdinal0 [0x0092BB68+1817448]\nE       \tOrdinal0 [0x0092BC55+1817685]\nE       \tOrdinal0 [0x00935230+1856048]\nE       \tBaseThreadInitThunk [0x75D7FA29+25]\nE       \tRtlGetAppContainerNamedObjectPath [0x77DD7A9E+286]\nE       \tRtlGetAppContainerNamedObjectPath [0x77DD7A6E+238]\n\n..\\..\\..\\AppData\\Local\\Programs\\Python\\Python310\\lib\\site-packages\\selenium\\webdriver\\remote\\errorhandler.py:247: NoSuchElementException","flaky":false,"newFailed":false,"newBroken":false,"newPassed":false,"retriesCount":0,"retriesStatusChange":false,"beforeStages":[{"name":"driver_setup","time":{"start":1660169704464,"stop":1660169712887,"duration":8423},"status":"passed","steps":[],"attachments":[],"parameters":[],"stepsCount":0,"hasContent":false,"attachmentsCount":0,"shouldDisplayMessage":false}],"testStage":{"status":"broken","statusMessage":"selenium.common.exceptions.NoSuchElementException: Message: no such element: Unable to locate element: {\"method\":\"xpath\",\"selector\":\"//*[@id=\"root\"]/div[2]/header/div/nav/ul/li[1]/div\"}\n  (Session info: chrome=104.0.5112.81)\nStacktrace:\nBacktrace:\n\tOrdinal0 [0x009878B3+2193587]\n\tOrdinal0 [0x00920681+1771137]\n\tOrdinal0 [0x008341A8+803240]\n\tOrdinal0 [0x008624A0+992416]\n\tOrdinal0 [0x0086273B+993083]\n\tOrdinal0 [0x0088F7C2+1177538]\n\tOrdinal0 [0x0087D7F4+1103860]\n\tOrdinal0 [0x0088DAE2+1170146]\n\tOrdinal0 [0x0087D5C6+1103302]\n\tOrdinal0 [0x008577E0+948192]\n\tOrdinal0 [0x008586E6+952038]\n\tGetHandleVerifier [0x00C30CB2+2738370]\n\tGetHandleVerifier [0x00C221B8+2678216]\n\tGetHandleVerifier [0x00A117AA+512954]\n\tGetHandleVerifier [0x00A10856+509030]\n\tOrdinal0 [0x0092743B+1799227]\n\tOrdinal0 [0x0092BB68+1817448]\n\tOrdinal0 [0x0092BC55+1817685]\n\tOrdinal0 [0x00935230+1856048]\n\tBaseThreadInitThunk [0x75D7FA29+25]\n\tRtlGetAppContainerNamedObjectPath [0x77DD7A9E+286]\n\tRtlGetAppContainerNamedObjectPath [0x77DD7A6E+238]","statusTrace":"self = <TestCases.test_CarHomePage.Test_CarHomePage object at 0x00000172ADA5A170>, brand = ['toyota']\n\n    @pytest.mark.parametrize(\"brand\", dataProvider.data_provider(\"NewCars\"))\n    def test_navigate_to_new_car(self, brand):\n        car_home_page = CarHomePage(self.driver)\n>       car_home_page.go_to_car()\n\ntest_CarHomePage.py:18: \n_ _ _ _ _ _ _ _ _ _ _ _ _ _ _ _ _ _ _ _ _ _ _ _ _ _ _ _ _ _ _ _ _ _ _ _ _ _ _ _ _ _ _ _ _ _ _ _ _ _ _ _ _ _ _ _ _ _ _ _ _ _ _ _ _ _ _ _ _ _ _ _ _ _ _ _ _ _ _ _ _ _ _ _ _ _ _ _ _ _ _ _ _ _ _ _ _ _ _ _ _ _ _ _ _ _ _ _ _ _ _ _ _ _ _ _\n..\\Pages\\carHomePage.py:16: in go_to_car\n    self.move(\"carsales locator\",\"new_cars_XPATH\")\n..\\Pages\\basePage.py:53: in move\n    item = self.driver.find_element(By.XPATH, configreader.read_config(section,locator))\n..\\..\\..\\AppData\\Local\\Programs\\Python\\Python310\\lib\\site-packages\\selenium\\webdriver\\remote\\webdriver.py:857: in find_element\n    return self.execute(Command.FIND_ELEMENT, {\n..\\..\\..\\AppData\\Local\\Programs\\Python\\Python310\\lib\\site-packages\\selenium\\webdriver\\remote\\webdriver.py:435: in execute\n    self.error_handler.check_response(response)\n_ _ _ _ _ _ _ _ _ _ _ _ _ _ _ _ _ _ _ _ _ _ _ _ _ _ _ _ _ _ _ _ _ _ _ _ _ _ _ _ _ _ _ _ _ _ _ _ _ _ _ _ _ _ _ _ _ _ _ _ _ _ _ _ _ _ _ _ _ _ _ _ _ _ _ _ _ _ _ _ _ _ _ _ _ _ _ _ _ _ _ _ _ _ _ _ _ _ _ _ _ _ _ _ _ _ _ _ _ _ _ _ _ _ _ _\n\nself = <selenium.webdriver.remote.errorhandler.ErrorHandler object at 0x00000172ADA7FBB0>\nresponse = {'status': 404, 'value': '{\"value\":{\"error\":\"no such element\",\"message\":\"no such element: Unable to locate element: {\\...\\n\\\\tRtlGetAppContainerNamedObjectPath [0x77DD7A9E+286]\\\\n\\\\tRtlGetAppContainerNamedObjectPath [0x77DD7A6E+238]\\\\n\"}}'}\n\n    def check_response(self, response: Dict[str, Any]) -> None:\n        \"\"\"\n        Checks that a JSON response from the WebDriver does not have an error.\n    \n        :Args:\n         - response - The JSON response from the WebDriver server as a dictionary\n           object.\n    \n        :Raises: If the response contains an error message.\n        \"\"\"\n        status = response.get('status', None)\n        if not status or status == ErrorCode.SUCCESS:\n            return\n        value = None\n        message = response.get(\"message\", \"\")\n        screen: str = response.get(\"screen\", \"\")\n        stacktrace = None\n        if isinstance(status, int):\n            value_json = response.get('value', None)\n            if value_json and isinstance(value_json, str):\n                import json\n                try:\n                    value = json.loads(value_json)\n                    if len(value.keys()) == 1:\n                        value = value['value']\n                    status = value.get('error', None)\n                    if not status:\n                        status = value.get(\"status\", ErrorCode.UNKNOWN_ERROR)\n                        message = value.get(\"value\") or value.get(\"message\")\n                        if not isinstance(message, str):\n                            value = message\n                            message = message.get('message')\n                    else:\n                        message = value.get('message', None)\n                except ValueError:\n                    pass\n    \n        exception_class: Type[WebDriverException]\n        if status in ErrorCode.NO_SUCH_ELEMENT:\n            exception_class = NoSuchElementException\n        elif status in ErrorCode.NO_SUCH_FRAME:\n            exception_class = NoSuchFrameException\n        elif status in ErrorCode.NO_SUCH_SHADOW_ROOT:\n            exception_class = NoSuchShadowRootException\n        elif status in ErrorCode.NO_SUCH_WINDOW:\n            exception_class = NoSuchWindowException\n        elif status in ErrorCode.STALE_ELEMENT_REFERENCE:\n            exception_class = StaleElementReferenceException\n        elif status in ErrorCode.ELEMENT_NOT_VISIBLE:\n            exception_class = ElementNotVisibleException\n        elif status in ErrorCode.INVALID_ELEMENT_STATE:\n            exception_class = InvalidElementStateException\n        elif status in ErrorCode.INVALID_SELECTOR \\\n                or status in ErrorCode.INVALID_XPATH_SELECTOR \\\n                or status in ErrorCode.INVALID_XPATH_SELECTOR_RETURN_TYPER:\n            exception_class = InvalidSelectorException\n        elif status in ErrorCode.ELEMENT_IS_NOT_SELECTABLE:\n            exception_class = ElementNotSelectableException\n        elif status in ErrorCode.ELEMENT_NOT_INTERACTABLE:\n            exception_class = ElementNotInteractableException\n        elif status in ErrorCode.INVALID_COOKIE_DOMAIN:\n            exception_class = InvalidCookieDomainException\n        elif status in ErrorCode.UNABLE_TO_SET_COOKIE:\n            exception_class = UnableToSetCookieException\n        elif status in ErrorCode.TIMEOUT:\n            exception_class = TimeoutException\n        elif status in ErrorCode.SCRIPT_TIMEOUT:\n            exception_class = TimeoutException\n        elif status in ErrorCode.UNKNOWN_ERROR:\n            exception_class = WebDriverException\n        elif status in ErrorCode.UNEXPECTED_ALERT_OPEN:\n            exception_class = UnexpectedAlertPresentException\n        elif status in ErrorCode.NO_ALERT_OPEN:\n            exception_class = NoAlertPresentException\n        elif status in ErrorCode.IME_NOT_AVAILABLE:\n            exception_class = ImeNotAvailableException\n        elif status in ErrorCode.IME_ENGINE_ACTIVATION_FAILED:\n            exception_class = ImeActivationFailedException\n        elif status in ErrorCode.MOVE_TARGET_OUT_OF_BOUNDS:\n            exception_class = MoveTargetOutOfBoundsException\n        elif status in ErrorCode.JAVASCRIPT_ERROR:\n            exception_class = JavascriptException\n        elif status in ErrorCode.SESSION_NOT_CREATED:\n            exception_class = SessionNotCreatedException\n        elif status in ErrorCode.INVALID_ARGUMENT:\n            exception_class = InvalidArgumentException\n        elif status in ErrorCode.NO_SUCH_COOKIE:\n            exception_class = NoSuchCookieException\n        elif status in ErrorCode.UNABLE_TO_CAPTURE_SCREEN:\n            exception_class = ScreenshotException\n        elif status in ErrorCode.ELEMENT_CLICK_INTERCEPTED:\n            exception_class = ElementClickInterceptedException\n        elif status in ErrorCode.INSECURE_CERTIFICATE:\n            exception_class = InsecureCertificateException\n        elif status in ErrorCode.INVALID_COORDINATES:\n            exception_class = InvalidCoordinatesException\n        elif status in ErrorCode.INVALID_SESSION_ID:\n            exception_class = InvalidSessionIdException\n        elif status in ErrorCode.UNKNOWN_METHOD:\n            exception_class = UnknownMethodException\n        else:\n            exception_class = WebDriverException\n        if not value:\n            value = response['value']\n        if isinstance(value, str):\n            raise exception_class(value)\n        if message == \"\" and 'message' in value:\n            message = value['message']\n    \n        screen = None  # type: ignore[assignment]\n        if 'screen' in value:\n            screen = value['screen']\n    \n        stacktrace = None\n        st_value = value.get('stackTrace') or value.get('stacktrace')\n        if st_value:\n            if isinstance(st_value, str):\n                stacktrace = st_value.split('\\n')\n            else:\n                stacktrace = []\n                try:\n                    for frame in st_value:\n                        line = self._value_or_default(frame, 'lineNumber', '')\n                        file = self._value_or_default(frame, 'fileName', '<anonymous>')\n                        if line:\n                            file = f\"{file}:{line}\"\n                        meth = self._value_or_default(frame, 'methodName', '<anonymous>')\n                        if 'className' in frame:\n                            meth = \"{}.{}\".format(frame['className'], meth)\n                        msg = \"    at %s (%s)\"\n                        msg = msg % (meth, file)\n                        stacktrace.append(msg)\n                except TypeError:\n                    pass\n        if exception_class == UnexpectedAlertPresentException:\n            alert_text = None\n            if 'data' in value:\n                alert_text = value['data'].get('text')\n            elif 'alert' in value:\n                alert_text = value['alert'].get('text')\n            raise exception_class(message, screen, stacktrace, alert_text)  # type: ignore[call-arg]  # mypy is not smart enough here\n>       raise exception_class(message, screen, stacktrace)\nE       selenium.common.exceptions.NoSuchElementException: Message: no such element: Unable to locate element: {\"method\":\"xpath\",\"selector\":\"//*[@id=\"root\"]/div[2]/header/div/nav/ul/li[1]/div\"}\nE         (Session info: chrome=104.0.5112.81)\nE       Stacktrace:\nE       Backtrace:\nE       \tOrdinal0 [0x009878B3+2193587]\nE       \tOrdinal0 [0x00920681+1771137]\nE       \tOrdinal0 [0x008341A8+803240]\nE       \tOrdinal0 [0x008624A0+992416]\nE       \tOrdinal0 [0x0086273B+993083]\nE       \tOrdinal0 [0x0088F7C2+1177538]\nE       \tOrdinal0 [0x0087D7F4+1103860]\nE       \tOrdinal0 [0x0088DAE2+1170146]\nE       \tOrdinal0 [0x0087D5C6+1103302]\nE       \tOrdinal0 [0x008577E0+948192]\nE       \tOrdinal0 [0x008586E6+952038]\nE       \tGetHandleVerifier [0x00C30CB2+2738370]\nE       \tGetHandleVerifier [0x00C221B8+2678216]\nE       \tGetHandleVerifier [0x00A117AA+512954]\nE       \tGetHandleVerifier [0x00A10856+509030]\nE       \tOrdinal0 [0x0092743B+1799227]\nE       \tOrdinal0 [0x0092BB68+1817448]\nE       \tOrdinal0 [0x0092BC55+1817685]\nE       \tOrdinal0 [0x00935230+1856048]\nE       \tBaseThreadInitThunk [0x75D7FA29+25]\nE       \tRtlGetAppContainerNamedObjectPath [0x77DD7A9E+286]\nE       \tRtlGetAppContainerNamedObjectPath [0x77DD7A6E+238]\n\n..\\..\\..\\AppData\\Local\\Programs\\Python\\Python310\\lib\\site-packages\\selenium\\webdriver\\remote\\errorhandler.py:247: NoSuchElementException","steps":[],"attachments":[{"uid":"6b5a524a90a2c1e3","name":"stdout","source":"6b5a524a90a2c1e3.txt","type":"text/plain","size":1}],"parameters":[],"stepsCount":0,"hasContent":true,"attachmentsCount":1,"shouldDisplayMessage":true},"afterStages":[{"name":"driver_setup::0","time":{"start":1660169716240,"stop":1660169718433,"duration":2193},"status":"passed","steps":[],"attachments":[],"parameters":[],"stepsCount":0,"hasContent":false,"attachmentsCount":0,"shouldDisplayMessage":false}],"labels":[{"name":"tag","value":"@pytest.mark.usefixtures('driver_setup')"},{"name":"suite","value":"test_CarHomePage"},{"name":"subSuite","value":"Test_CarHomePage"},{"name":"host","value":"Marcus"},{"name":"thread","value":"3240-MainThread"},{"name":"framework","value":"pytest"},{"name":"language","value":"cpython3"},{"name":"package","value":"test_CarHomePage"},{"name":"resultFormat","value":"allure2"}],"parameters":[{"name":"brand","value":"['toyota']"},{"name":"driver_setup","value":"'chrome'"}],"links":[],"hidden":true,"retry":true,"extra":{"categories":[],"tags":["@pytest.mark.usefixtures('driver_setup')"]},"source":"3a253d078a01d747.json","parameterValues":["['toyota']","'chrome'"]}