{"uid":"fa1ab368ddf46220","name":"test_navigate_to_new_car[edge-brand0]","fullName":"test_CarHomePage.Test_CarHomePage#test_navigate_to_new_car","historyId":"b217b42c96f3c6cc2c4ca50c2a9e9204","time":{"start":1660375697597,"stop":1660375700655,"duration":3058},"status":"broken","statusMessage":"selenium.common.exceptions.NoSuchElementException: Message: no such element: Unable to locate element: {\"method\":\"xpath\",\"selector\":\"//div[@class='o-frwuxB o-eqqVmt o-BEqzB o-eMOUEg o-OAYdd o-bdcqQE o-fznJzu o-fznJPk o-rYTQq dvEJRN']\"}\n  (Session info: MicrosoftEdge=104.0.1293.54)\nStacktrace:\nBacktrace:\n\tMicrosoft::Applications::Events::EventProperties::unpack [0x00007FF7C23E41A2+26370]\n\tMicrosoft::Applications::Events::GUID_t::GUID_t [0x00007FF7C2339502+339106]\n\tOrdinal0 [0x00007FF7C1EC7821+620577]\n\tOrdinal0 [0x00007FF7C1F03E41+867905]\n\tOrdinal0 [0x00007FF7C1F04053+868435]\n\tOrdinal0 [0x00007FF7C1F35DB7+1072567]\n\tOrdinal0 [0x00007FF7C1F1F48F+980111]\n\tOrdinal0 [0x00007FF7C1F3358F+1062287]\n\tOrdinal0 [0x00007FF7C1F1F263+979555]\n\tOrdinal0 [0x00007FF7C1EF6070+811120]\n\tOrdinal0 [0x00007FF7C1EF7668+816744]\n\tMicrosoft::Applications::Events::EventProperty::EventProperty [0x00007FF7C2192998+128088]\n\tMicrosoft::Applications::Events::EventProperty::EventProperty [0x00007FF7C217C2EB+36267]\n\tMicrosoft::Applications::Events::EventProperty::EventProperty [0x00007FF7C217F30C+48588]\n\tMicrosoft::Applications::Events::EventProperty::to_string [0x00007FF7C1FD4393+22115]\n\tMicrosoft::Applications::Events::GUID_t::GUID_t [0x00007FF7C2340B2B+369355]\n\tMicrosoft::Applications::Events::GUID_t::GUID_t [0x00007FF7C23459C4+389476]\n\tMicrosoft::Applications::Events::GUID_t::GUID_t [0x00007FF7C2345B1D+389821]\n\tMicrosoft::Applications::Events::time_ticks_t::time_ticks_t [0x00007FF7C23505A9+40761]\n\tBaseThreadInitThunk [0x00007FFE368C7034+20]\n\tRtlUserThreadStart [0x00007FFE38542651+33]","statusTrace":"self = <TestCases.test_CarHomePage.Test_CarHomePage object at 0x000001FC799D8970>, brand = ['toyota']\n\n    @pytest.mark.parametrize(\"brand\", dataProvider.data_provider(\"NewCars\"))\n    def test_navigate_to_new_car(self, brand):\n        car_home_page = CarHomePage(self.driver)\n>       car_home_page.go_to_car()\n\ntest_CarHomePage.py:18: \n_ _ _ _ _ _ _ _ _ _ _ _ _ _ _ _ _ _ _ _ _ _ _ _ _ _ _ _ _ _ _ _ _ _ _ _ _ _ _ _ _ _ _ _ _ _ _ _ _ _ _ _ _ _ _ _ _ _ _ _ _ _ _ _ _ _ _ _ _ _ _ _ _ _ _ _ _ _ _ _ _ _ _ _ _ _ _ _ _ _ _ _ _ _ _ _ _ _ _ _ _ _ _ _ _ _ _ _ _ _ _ _ _ _ _ _\n..\\Pages\\carHomePage.py:16: in go_to_car\n    self.move(\"carsales locator\",\"new_cars_XPATH\")\n..\\Pages\\basePage.py:53: in move\n    item = self.driver.find_element(By.XPATH, configreader.read_config(section,locator))\n..\\..\\..\\AppData\\Local\\Programs\\Python\\Python310\\lib\\site-packages\\selenium\\webdriver\\remote\\webdriver.py:857: in find_element\n    return self.execute(Command.FIND_ELEMENT, {\n..\\..\\..\\AppData\\Local\\Programs\\Python\\Python310\\lib\\site-packages\\selenium\\webdriver\\remote\\webdriver.py:435: in execute\n    self.error_handler.check_response(response)\n_ _ _ _ _ _ _ _ _ _ _ _ _ _ _ _ _ _ _ _ _ _ _ _ _ _ _ _ _ _ _ _ _ _ _ _ _ _ _ _ _ _ _ _ _ _ _ _ _ _ _ _ _ _ _ _ _ _ _ _ _ _ _ _ _ _ _ _ _ _ _ _ _ _ _ _ _ _ _ _ _ _ _ _ _ _ _ _ _ _ _ _ _ _ _ _ _ _ _ _ _ _ _ _ _ _ _ _ _ _ _ _ _ _ _ _\n\nself = <selenium.webdriver.remote.errorhandler.ErrorHandler object at 0x000001FC7AB66B30>\nresponse = {'status': 404, 'value': '{\"value\":{\"error\":\"no such element\",\"message\":\"no such element: Unable to locate element: {\\...23505A9+40761]\\\\n\\\\tBaseThreadInitThunk [0x00007FFE368C7034+20]\\\\n\\\\tRtlUserThreadStart [0x00007FFE38542651+33]\\\\n\"}}'}\n\n    def check_response(self, response: Dict[str, Any]) -> None:\n        \"\"\"\n        Checks that a JSON response from the WebDriver does not have an error.\n    \n        :Args:\n         - response - The JSON response from the WebDriver server as a dictionary\n           object.\n    \n        :Raises: If the response contains an error message.\n        \"\"\"\n        status = response.get('status', None)\n        if not status or status == ErrorCode.SUCCESS:\n            return\n        value = None\n        message = response.get(\"message\", \"\")\n        screen: str = response.get(\"screen\", \"\")\n        stacktrace = None\n        if isinstance(status, int):\n            value_json = response.get('value', None)\n            if value_json and isinstance(value_json, str):\n                import json\n                try:\n                    value = json.loads(value_json)\n                    if len(value.keys()) == 1:\n                        value = value['value']\n                    status = value.get('error', None)\n                    if not status:\n                        status = value.get(\"status\", ErrorCode.UNKNOWN_ERROR)\n                        message = value.get(\"value\") or value.get(\"message\")\n                        if not isinstance(message, str):\n                            value = message\n                            message = message.get('message')\n                    else:\n                        message = value.get('message', None)\n                except ValueError:\n                    pass\n    \n        exception_class: Type[WebDriverException]\n        if status in ErrorCode.NO_SUCH_ELEMENT:\n            exception_class = NoSuchElementException\n        elif status in ErrorCode.NO_SUCH_FRAME:\n            exception_class = NoSuchFrameException\n        elif status in ErrorCode.NO_SUCH_SHADOW_ROOT:\n            exception_class = NoSuchShadowRootException\n        elif status in ErrorCode.NO_SUCH_WINDOW:\n            exception_class = NoSuchWindowException\n        elif status in ErrorCode.STALE_ELEMENT_REFERENCE:\n            exception_class = StaleElementReferenceException\n        elif status in ErrorCode.ELEMENT_NOT_VISIBLE:\n            exception_class = ElementNotVisibleException\n        elif status in ErrorCode.INVALID_ELEMENT_STATE:\n            exception_class = InvalidElementStateException\n        elif status in ErrorCode.INVALID_SELECTOR \\\n                or status in ErrorCode.INVALID_XPATH_SELECTOR \\\n                or status in ErrorCode.INVALID_XPATH_SELECTOR_RETURN_TYPER:\n            exception_class = InvalidSelectorException\n        elif status in ErrorCode.ELEMENT_IS_NOT_SELECTABLE:\n            exception_class = ElementNotSelectableException\n        elif status in ErrorCode.ELEMENT_NOT_INTERACTABLE:\n            exception_class = ElementNotInteractableException\n        elif status in ErrorCode.INVALID_COOKIE_DOMAIN:\n            exception_class = InvalidCookieDomainException\n        elif status in ErrorCode.UNABLE_TO_SET_COOKIE:\n            exception_class = UnableToSetCookieException\n        elif status in ErrorCode.TIMEOUT:\n            exception_class = TimeoutException\n        elif status in ErrorCode.SCRIPT_TIMEOUT:\n            exception_class = TimeoutException\n        elif status in ErrorCode.UNKNOWN_ERROR:\n            exception_class = WebDriverException\n        elif status in ErrorCode.UNEXPECTED_ALERT_OPEN:\n            exception_class = UnexpectedAlertPresentException\n        elif status in ErrorCode.NO_ALERT_OPEN:\n            exception_class = NoAlertPresentException\n        elif status in ErrorCode.IME_NOT_AVAILABLE:\n            exception_class = ImeNotAvailableException\n        elif status in ErrorCode.IME_ENGINE_ACTIVATION_FAILED:\n            exception_class = ImeActivationFailedException\n        elif status in ErrorCode.MOVE_TARGET_OUT_OF_BOUNDS:\n            exception_class = MoveTargetOutOfBoundsException\n        elif status in ErrorCode.JAVASCRIPT_ERROR:\n            exception_class = JavascriptException\n        elif status in ErrorCode.SESSION_NOT_CREATED:\n            exception_class = SessionNotCreatedException\n        elif status in ErrorCode.INVALID_ARGUMENT:\n            exception_class = InvalidArgumentException\n        elif status in ErrorCode.NO_SUCH_COOKIE:\n            exception_class = NoSuchCookieException\n        elif status in ErrorCode.UNABLE_TO_CAPTURE_SCREEN:\n            exception_class = ScreenshotException\n        elif status in ErrorCode.ELEMENT_CLICK_INTERCEPTED:\n            exception_class = ElementClickInterceptedException\n        elif status in ErrorCode.INSECURE_CERTIFICATE:\n            exception_class = InsecureCertificateException\n        elif status in ErrorCode.INVALID_COORDINATES:\n            exception_class = InvalidCoordinatesException\n        elif status in ErrorCode.INVALID_SESSION_ID:\n            exception_class = InvalidSessionIdException\n        elif status in ErrorCode.UNKNOWN_METHOD:\n            exception_class = UnknownMethodException\n        else:\n            exception_class = WebDriverException\n        if not value:\n            value = response['value']\n        if isinstance(value, str):\n            raise exception_class(value)\n        if message == \"\" and 'message' in value:\n            message = value['message']\n    \n        screen = None  # type: ignore[assignment]\n        if 'screen' in value:\n            screen = value['screen']\n    \n        stacktrace = None\n        st_value = value.get('stackTrace') or value.get('stacktrace')\n        if st_value:\n            if isinstance(st_value, str):\n                stacktrace = st_value.split('\\n')\n            else:\n                stacktrace = []\n                try:\n                    for frame in st_value:\n                        line = self._value_or_default(frame, 'lineNumber', '')\n                        file = self._value_or_default(frame, 'fileName', '<anonymous>')\n                        if line:\n                            file = f\"{file}:{line}\"\n                        meth = self._value_or_default(frame, 'methodName', '<anonymous>')\n                        if 'className' in frame:\n                            meth = \"{}.{}\".format(frame['className'], meth)\n                        msg = \"    at %s (%s)\"\n                        msg = msg % (meth, file)\n                        stacktrace.append(msg)\n                except TypeError:\n                    pass\n        if exception_class == UnexpectedAlertPresentException:\n            alert_text = None\n            if 'data' in value:\n                alert_text = value['data'].get('text')\n            elif 'alert' in value:\n                alert_text = value['alert'].get('text')\n            raise exception_class(message, screen, stacktrace, alert_text)  # type: ignore[call-arg]  # mypy is not smart enough here\n>       raise exception_class(message, screen, stacktrace)\nE       selenium.common.exceptions.NoSuchElementException: Message: no such element: Unable to locate element: {\"method\":\"xpath\",\"selector\":\"//div[@class='o-frwuxB o-eqqVmt o-BEqzB o-eMOUEg o-OAYdd o-bdcqQE o-fznJzu o-fznJPk o-rYTQq dvEJRN']\"}\nE         (Session info: MicrosoftEdge=104.0.1293.54)\nE       Stacktrace:\nE       Backtrace:\nE       \tMicrosoft::Applications::Events::EventProperties::unpack [0x00007FF7C23E41A2+26370]\nE       \tMicrosoft::Applications::Events::GUID_t::GUID_t [0x00007FF7C2339502+339106]\nE       \tOrdinal0 [0x00007FF7C1EC7821+620577]\nE       \tOrdinal0 [0x00007FF7C1F03E41+867905]\nE       \tOrdinal0 [0x00007FF7C1F04053+868435]\nE       \tOrdinal0 [0x00007FF7C1F35DB7+1072567]\nE       \tOrdinal0 [0x00007FF7C1F1F48F+980111]\nE       \tOrdinal0 [0x00007FF7C1F3358F+1062287]\nE       \tOrdinal0 [0x00007FF7C1F1F263+979555]\nE       \tOrdinal0 [0x00007FF7C1EF6070+811120]\nE       \tOrdinal0 [0x00007FF7C1EF7668+816744]\nE       \tMicrosoft::Applications::Events::EventProperty::EventProperty [0x00007FF7C2192998+128088]\nE       \tMicrosoft::Applications::Events::EventProperty::EventProperty [0x00007FF7C217C2EB+36267]\nE       \tMicrosoft::Applications::Events::EventProperty::EventProperty [0x00007FF7C217F30C+48588]\nE       \tMicrosoft::Applications::Events::EventProperty::to_string [0x00007FF7C1FD4393+22115]\nE       \tMicrosoft::Applications::Events::GUID_t::GUID_t [0x00007FF7C2340B2B+369355]\nE       \tMicrosoft::Applications::Events::GUID_t::GUID_t [0x00007FF7C23459C4+389476]\nE       \tMicrosoft::Applications::Events::GUID_t::GUID_t [0x00007FF7C2345B1D+389821]\nE       \tMicrosoft::Applications::Events::time_ticks_t::time_ticks_t [0x00007FF7C23505A9+40761]\nE       \tBaseThreadInitThunk [0x00007FFE368C7034+20]\nE       \tRtlUserThreadStart [0x00007FFE38542651+33]\n\n..\\..\\..\\AppData\\Local\\Programs\\Python\\Python310\\lib\\site-packages\\selenium\\webdriver\\remote\\errorhandler.py:247: NoSuchElementException","flaky":false,"newFailed":false,"newBroken":false,"newPassed":false,"retriesCount":0,"retriesStatusChange":false,"beforeStages":[{"name":"driver_setup","time":{"start":1660375690880,"stop":1660375697596,"duration":6716},"status":"passed","steps":[],"attachments":[],"parameters":[],"stepsCount":0,"hasContent":false,"attachmentsCount":0,"shouldDisplayMessage":false}],"testStage":{"status":"broken","statusMessage":"selenium.common.exceptions.NoSuchElementException: Message: no such element: Unable to locate element: {\"method\":\"xpath\",\"selector\":\"//div[@class='o-frwuxB o-eqqVmt o-BEqzB o-eMOUEg o-OAYdd o-bdcqQE o-fznJzu o-fznJPk o-rYTQq dvEJRN']\"}\n  (Session info: MicrosoftEdge=104.0.1293.54)\nStacktrace:\nBacktrace:\n\tMicrosoft::Applications::Events::EventProperties::unpack [0x00007FF7C23E41A2+26370]\n\tMicrosoft::Applications::Events::GUID_t::GUID_t [0x00007FF7C2339502+339106]\n\tOrdinal0 [0x00007FF7C1EC7821+620577]\n\tOrdinal0 [0x00007FF7C1F03E41+867905]\n\tOrdinal0 [0x00007FF7C1F04053+868435]\n\tOrdinal0 [0x00007FF7C1F35DB7+1072567]\n\tOrdinal0 [0x00007FF7C1F1F48F+980111]\n\tOrdinal0 [0x00007FF7C1F3358F+1062287]\n\tOrdinal0 [0x00007FF7C1F1F263+979555]\n\tOrdinal0 [0x00007FF7C1EF6070+811120]\n\tOrdinal0 [0x00007FF7C1EF7668+816744]\n\tMicrosoft::Applications::Events::EventProperty::EventProperty [0x00007FF7C2192998+128088]\n\tMicrosoft::Applications::Events::EventProperty::EventProperty [0x00007FF7C217C2EB+36267]\n\tMicrosoft::Applications::Events::EventProperty::EventProperty [0x00007FF7C217F30C+48588]\n\tMicrosoft::Applications::Events::EventProperty::to_string [0x00007FF7C1FD4393+22115]\n\tMicrosoft::Applications::Events::GUID_t::GUID_t [0x00007FF7C2340B2B+369355]\n\tMicrosoft::Applications::Events::GUID_t::GUID_t [0x00007FF7C23459C4+389476]\n\tMicrosoft::Applications::Events::GUID_t::GUID_t [0x00007FF7C2345B1D+389821]\n\tMicrosoft::Applications::Events::time_ticks_t::time_ticks_t [0x00007FF7C23505A9+40761]\n\tBaseThreadInitThunk [0x00007FFE368C7034+20]\n\tRtlUserThreadStart [0x00007FFE38542651+33]","statusTrace":"self = <TestCases.test_CarHomePage.Test_CarHomePage object at 0x000001FC799D8970>, brand = ['toyota']\n\n    @pytest.mark.parametrize(\"brand\", dataProvider.data_provider(\"NewCars\"))\n    def test_navigate_to_new_car(self, brand):\n        car_home_page = CarHomePage(self.driver)\n>       car_home_page.go_to_car()\n\ntest_CarHomePage.py:18: \n_ _ _ _ _ _ _ _ _ _ _ _ _ _ _ _ _ _ _ _ _ _ _ _ _ _ _ _ _ _ _ _ _ _ _ _ _ _ _ _ _ _ _ _ _ _ _ _ _ _ _ _ _ _ _ _ _ _ _ _ _ _ _ _ _ _ _ _ _ _ _ _ _ _ _ _ _ _ _ _ _ _ _ _ _ _ _ _ _ _ _ _ _ _ _ _ _ _ _ _ _ _ _ _ _ _ _ _ _ _ _ _ _ _ _ _\n..\\Pages\\carHomePage.py:16: in go_to_car\n    self.move(\"carsales locator\",\"new_cars_XPATH\")\n..\\Pages\\basePage.py:53: in move\n    item = self.driver.find_element(By.XPATH, configreader.read_config(section,locator))\n..\\..\\..\\AppData\\Local\\Programs\\Python\\Python310\\lib\\site-packages\\selenium\\webdriver\\remote\\webdriver.py:857: in find_element\n    return self.execute(Command.FIND_ELEMENT, {\n..\\..\\..\\AppData\\Local\\Programs\\Python\\Python310\\lib\\site-packages\\selenium\\webdriver\\remote\\webdriver.py:435: in execute\n    self.error_handler.check_response(response)\n_ _ _ _ _ _ _ _ _ _ _ _ _ _ _ _ _ _ _ _ _ _ _ _ _ _ _ _ _ _ _ _ _ _ _ _ _ _ _ _ _ _ _ _ _ _ _ _ _ _ _ _ _ _ _ _ _ _ _ _ _ _ _ _ _ _ _ _ _ _ _ _ _ _ _ _ _ _ _ _ _ _ _ _ _ _ _ _ _ _ _ _ _ _ _ _ _ _ _ _ _ _ _ _ _ _ _ _ _ _ _ _ _ _ _ _\n\nself = <selenium.webdriver.remote.errorhandler.ErrorHandler object at 0x000001FC7AB66B30>\nresponse = {'status': 404, 'value': '{\"value\":{\"error\":\"no such element\",\"message\":\"no such element: Unable to locate element: {\\...23505A9+40761]\\\\n\\\\tBaseThreadInitThunk [0x00007FFE368C7034+20]\\\\n\\\\tRtlUserThreadStart [0x00007FFE38542651+33]\\\\n\"}}'}\n\n    def check_response(self, response: Dict[str, Any]) -> None:\n        \"\"\"\n        Checks that a JSON response from the WebDriver does not have an error.\n    \n        :Args:\n         - response - The JSON response from the WebDriver server as a dictionary\n           object.\n    \n        :Raises: If the response contains an error message.\n        \"\"\"\n        status = response.get('status', None)\n        if not status or status == ErrorCode.SUCCESS:\n            return\n        value = None\n        message = response.get(\"message\", \"\")\n        screen: str = response.get(\"screen\", \"\")\n        stacktrace = None\n        if isinstance(status, int):\n            value_json = response.get('value', None)\n            if value_json and isinstance(value_json, str):\n                import json\n                try:\n                    value = json.loads(value_json)\n                    if len(value.keys()) == 1:\n                        value = value['value']\n                    status = value.get('error', None)\n                    if not status:\n                        status = value.get(\"status\", ErrorCode.UNKNOWN_ERROR)\n                        message = value.get(\"value\") or value.get(\"message\")\n                        if not isinstance(message, str):\n                            value = message\n                            message = message.get('message')\n                    else:\n                        message = value.get('message', None)\n                except ValueError:\n                    pass\n    \n        exception_class: Type[WebDriverException]\n        if status in ErrorCode.NO_SUCH_ELEMENT:\n            exception_class = NoSuchElementException\n        elif status in ErrorCode.NO_SUCH_FRAME:\n            exception_class = NoSuchFrameException\n        elif status in ErrorCode.NO_SUCH_SHADOW_ROOT:\n            exception_class = NoSuchShadowRootException\n        elif status in ErrorCode.NO_SUCH_WINDOW:\n            exception_class = NoSuchWindowException\n        elif status in ErrorCode.STALE_ELEMENT_REFERENCE:\n            exception_class = StaleElementReferenceException\n        elif status in ErrorCode.ELEMENT_NOT_VISIBLE:\n            exception_class = ElementNotVisibleException\n        elif status in ErrorCode.INVALID_ELEMENT_STATE:\n            exception_class = InvalidElementStateException\n        elif status in ErrorCode.INVALID_SELECTOR \\\n                or status in ErrorCode.INVALID_XPATH_SELECTOR \\\n                or status in ErrorCode.INVALID_XPATH_SELECTOR_RETURN_TYPER:\n            exception_class = InvalidSelectorException\n        elif status in ErrorCode.ELEMENT_IS_NOT_SELECTABLE:\n            exception_class = ElementNotSelectableException\n        elif status in ErrorCode.ELEMENT_NOT_INTERACTABLE:\n            exception_class = ElementNotInteractableException\n        elif status in ErrorCode.INVALID_COOKIE_DOMAIN:\n            exception_class = InvalidCookieDomainException\n        elif status in ErrorCode.UNABLE_TO_SET_COOKIE:\n            exception_class = UnableToSetCookieException\n        elif status in ErrorCode.TIMEOUT:\n            exception_class = TimeoutException\n        elif status in ErrorCode.SCRIPT_TIMEOUT:\n            exception_class = TimeoutException\n        elif status in ErrorCode.UNKNOWN_ERROR:\n            exception_class = WebDriverException\n        elif status in ErrorCode.UNEXPECTED_ALERT_OPEN:\n            exception_class = UnexpectedAlertPresentException\n        elif status in ErrorCode.NO_ALERT_OPEN:\n            exception_class = NoAlertPresentException\n        elif status in ErrorCode.IME_NOT_AVAILABLE:\n            exception_class = ImeNotAvailableException\n        elif status in ErrorCode.IME_ENGINE_ACTIVATION_FAILED:\n            exception_class = ImeActivationFailedException\n        elif status in ErrorCode.MOVE_TARGET_OUT_OF_BOUNDS:\n            exception_class = MoveTargetOutOfBoundsException\n        elif status in ErrorCode.JAVASCRIPT_ERROR:\n            exception_class = JavascriptException\n        elif status in ErrorCode.SESSION_NOT_CREATED:\n            exception_class = SessionNotCreatedException\n        elif status in ErrorCode.INVALID_ARGUMENT:\n            exception_class = InvalidArgumentException\n        elif status in ErrorCode.NO_SUCH_COOKIE:\n            exception_class = NoSuchCookieException\n        elif status in ErrorCode.UNABLE_TO_CAPTURE_SCREEN:\n            exception_class = ScreenshotException\n        elif status in ErrorCode.ELEMENT_CLICK_INTERCEPTED:\n            exception_class = ElementClickInterceptedException\n        elif status in ErrorCode.INSECURE_CERTIFICATE:\n            exception_class = InsecureCertificateException\n        elif status in ErrorCode.INVALID_COORDINATES:\n            exception_class = InvalidCoordinatesException\n        elif status in ErrorCode.INVALID_SESSION_ID:\n            exception_class = InvalidSessionIdException\n        elif status in ErrorCode.UNKNOWN_METHOD:\n            exception_class = UnknownMethodException\n        else:\n            exception_class = WebDriverException\n        if not value:\n            value = response['value']\n        if isinstance(value, str):\n            raise exception_class(value)\n        if message == \"\" and 'message' in value:\n            message = value['message']\n    \n        screen = None  # type: ignore[assignment]\n        if 'screen' in value:\n            screen = value['screen']\n    \n        stacktrace = None\n        st_value = value.get('stackTrace') or value.get('stacktrace')\n        if st_value:\n            if isinstance(st_value, str):\n                stacktrace = st_value.split('\\n')\n            else:\n                stacktrace = []\n                try:\n                    for frame in st_value:\n                        line = self._value_or_default(frame, 'lineNumber', '')\n                        file = self._value_or_default(frame, 'fileName', '<anonymous>')\n                        if line:\n                            file = f\"{file}:{line}\"\n                        meth = self._value_or_default(frame, 'methodName', '<anonymous>')\n                        if 'className' in frame:\n                            meth = \"{}.{}\".format(frame['className'], meth)\n                        msg = \"    at %s (%s)\"\n                        msg = msg % (meth, file)\n                        stacktrace.append(msg)\n                except TypeError:\n                    pass\n        if exception_class == UnexpectedAlertPresentException:\n            alert_text = None\n            if 'data' in value:\n                alert_text = value['data'].get('text')\n            elif 'alert' in value:\n                alert_text = value['alert'].get('text')\n            raise exception_class(message, screen, stacktrace, alert_text)  # type: ignore[call-arg]  # mypy is not smart enough here\n>       raise exception_class(message, screen, stacktrace)\nE       selenium.common.exceptions.NoSuchElementException: Message: no such element: Unable to locate element: {\"method\":\"xpath\",\"selector\":\"//div[@class='o-frwuxB o-eqqVmt o-BEqzB o-eMOUEg o-OAYdd o-bdcqQE o-fznJzu o-fznJPk o-rYTQq dvEJRN']\"}\nE         (Session info: MicrosoftEdge=104.0.1293.54)\nE       Stacktrace:\nE       Backtrace:\nE       \tMicrosoft::Applications::Events::EventProperties::unpack [0x00007FF7C23E41A2+26370]\nE       \tMicrosoft::Applications::Events::GUID_t::GUID_t [0x00007FF7C2339502+339106]\nE       \tOrdinal0 [0x00007FF7C1EC7821+620577]\nE       \tOrdinal0 [0x00007FF7C1F03E41+867905]\nE       \tOrdinal0 [0x00007FF7C1F04053+868435]\nE       \tOrdinal0 [0x00007FF7C1F35DB7+1072567]\nE       \tOrdinal0 [0x00007FF7C1F1F48F+980111]\nE       \tOrdinal0 [0x00007FF7C1F3358F+1062287]\nE       \tOrdinal0 [0x00007FF7C1F1F263+979555]\nE       \tOrdinal0 [0x00007FF7C1EF6070+811120]\nE       \tOrdinal0 [0x00007FF7C1EF7668+816744]\nE       \tMicrosoft::Applications::Events::EventProperty::EventProperty [0x00007FF7C2192998+128088]\nE       \tMicrosoft::Applications::Events::EventProperty::EventProperty [0x00007FF7C217C2EB+36267]\nE       \tMicrosoft::Applications::Events::EventProperty::EventProperty [0x00007FF7C217F30C+48588]\nE       \tMicrosoft::Applications::Events::EventProperty::to_string [0x00007FF7C1FD4393+22115]\nE       \tMicrosoft::Applications::Events::GUID_t::GUID_t [0x00007FF7C2340B2B+369355]\nE       \tMicrosoft::Applications::Events::GUID_t::GUID_t [0x00007FF7C23459C4+389476]\nE       \tMicrosoft::Applications::Events::GUID_t::GUID_t [0x00007FF7C2345B1D+389821]\nE       \tMicrosoft::Applications::Events::time_ticks_t::time_ticks_t [0x00007FF7C23505A9+40761]\nE       \tBaseThreadInitThunk [0x00007FFE368C7034+20]\nE       \tRtlUserThreadStart [0x00007FFE38542651+33]\n\n..\\..\\..\\AppData\\Local\\Programs\\Python\\Python310\\lib\\site-packages\\selenium\\webdriver\\remote\\errorhandler.py:247: NoSuchElementException","steps":[],"attachments":[{"uid":"9119221b4854320f","name":"stdout","source":"9119221b4854320f.txt","type":"text/plain","size":1}],"parameters":[],"stepsCount":0,"hasContent":true,"attachmentsCount":1,"shouldDisplayMessage":true},"afterStages":[{"name":"driver_setup::0","time":{"start":1660375700693,"stop":1660375702902,"duration":2209},"status":"passed","steps":[],"attachments":[],"parameters":[],"stepsCount":0,"hasContent":false,"attachmentsCount":0,"shouldDisplayMessage":false}],"labels":[{"name":"tag","value":"@pytest.mark.usefixtures('driver_setup')"},{"name":"suite","value":"test_CarHomePage"},{"name":"subSuite","value":"Test_CarHomePage"},{"name":"host","value":"Marcus"},{"name":"thread","value":"4820-MainThread"},{"name":"framework","value":"pytest"},{"name":"language","value":"cpython3"},{"name":"package","value":"test_CarHomePage"},{"name":"resultFormat","value":"allure2"}],"parameters":[{"name":"brand","value":"['toyota']"},{"name":"driver_setup","value":"'edge'"}],"links":[],"hidden":true,"retry":true,"extra":{"categories":[],"tags":["@pytest.mark.usefixtures('driver_setup')"]},"source":"fa1ab368ddf46220.json","parameterValues":["['toyota']","'edge'"]}